<?xml version="1.0" encoding="UTF-8"?>
<!-- Generated by org.testng.reporters.JUnitXMLReporter -->
<testsuite hostname="operationss-MBP" ignored="0" name="CafeTests" tests="2" failures="1" timestamp="24 Oct 2017 02:09:51 GMT" time="0.014" errors="0">
  <testcase name="testCafeTownSendloginPageLoading" time="0.0" classname="tests.LoginTest">
    <failure type="java.lang.NullPointerException">
      <![CDATA[java.lang.NullPointerException
	at functions.CommonFunctions.getTitle(CommonFunctions.java:91)
	at tests.LoginTest.testCafeTownSendloginPageLoading(LoginTest.java:35)
	at org.apache.maven.plugin.surefire.InPluginVMSurefireStarter.runSuitesInProcess(InPluginVMSurefireStarter.java:84)
	at org.apache.maven.plugin.surefire.AbstractSurefireMojo.executeProvider(AbstractSurefireMojo.java:1107)
	at org.apache.maven.plugin.surefire.AbstractSurefireMojo.executeAfterPreconditionsChecked(AbstractSurefireMojo.java:954)
	at org.apache.maven.plugin.surefire.AbstractSurefireMojo.execute(AbstractSurefireMojo.java:832)
	at org.apache.maven.plugin.DefaultBuildPluginManager.executeMojo(DefaultBuildPluginManager.java:134)
	at org.apache.maven.lifecycle.internal.MojoExecutor.execute(MojoExecutor.java:208)
	at org.apache.maven.lifecycle.internal.MojoExecutor.execute(MojoExecutor.java:154)
	at org.apache.maven.lifecycle.internal.MojoExecutor.execute(MojoExecutor.java:146)
	at org.apache.maven.lifecycle.internal.LifecycleModuleBuilder.buildProject(LifecycleModuleBuilder.java:117)
	at org.apache.maven.lifecycle.internal.LifecycleModuleBuilder.buildProject(LifecycleModuleBuilder.java:81)
	at org.apache.maven.lifecycle.internal.builder.singlethreaded.SingleThreadedBuilder.build(SingleThreadedBuilder.java:51)
	at org.apache.maven.lifecycle.internal.LifecycleStarter.execute(LifecycleStarter.java:128)
	at org.apache.maven.DefaultMaven.doExecute(DefaultMaven.java:309)
	at org.apache.maven.DefaultMaven.doExecute(DefaultMaven.java:194)
	at org.apache.maven.DefaultMaven.execute(DefaultMaven.java:107)
	at org.apache.maven.cli.MavenCli.execute(MavenCli.java:993)
	at org.apache.maven.cli.MavenCli.doMain(MavenCli.java:345)
	at org.apache.maven.cli.MavenCli.main(MavenCli.java:191)
	at org.codehaus.plexus.classworlds.launcher.Launcher.launchEnhanced(Launcher.java:289)
	at org.codehaus.plexus.classworlds.launcher.Launcher.launch(Launcher.java:229)
	at org.codehaus.plexus.classworlds.launcher.Launcher.mainWithExitCode(Launcher.java:415)
	at org.codehaus.plexus.classworlds.launcher.Launcher.main(Launcher.java:356)
... Removed 36 stack frames]]>
    </failure>
  </testcase> <!-- testCafeTownSendloginPageLoading -->
  <testcase name="testLogin" time="0.0" classname="tests.LoginTest">
    <skipped/>
  </testcase> <!-- testLogin -->
</testsuite> <!-- CafeTests -->
