<?xml version="1.0" encoding="UTF-8"?>
<testsuite xmlns:xsi="http://www.w3.org/2001/XMLSchema-instance" xsi:noNamespaceSchemaLocation="https://maven.apache.org/surefire/maven-surefire-plugin/xsd/surefire-test-report.xsd" name="TestSuite" time="3.162" tests="3" errors="0" skipped="1" failures="2">
  <properties>
[...]
</properties>
  <testcase name="testCafeTownSendloginPageLoading" classname="tests.LoginTest" time="0.001">
    <failure type="java.lang.NullPointerException">java.lang.NullPointerException
	at tests.LoginTest.testCafeTownSendloginPageLoading(LoginTest.java:35)
</failure>
    <system-out><![CDATA[0 [main] INFO Cafe.Base  - Loading the properties file,getting login and browser details
3 [main] INFO Cafe.Base  - creating the driver object to drive the specified browser type
610 [Forwarding newSession on session null to remote] DEBUG org.apache.http.client.protocol.RequestAddCookies  - CookieSpec selected: default
618 [Forwarding newSession on session null to remote] DEBUG org.apache.http.client.protocol.RequestAuthCache  - Auth cache not set in the context
619 [Forwarding newSession on session null to remote] DEBUG org.apache.http.impl.conn.PoolingHttpClientConnectionManager  - Connection request: [route: {}->http://localhost:35937][total kept alive: 0; route allocated: 0 of 2000; total allocated: 0 of 2000]
631 [Forwarding newSession on session null to remote] DEBUG org.apache.http.impl.conn.PoolingHttpClientConnectionManager  - Connection leased: [id: 0][route: {}->http://localhost:35937][total kept alive: 0; route allocated: 1 of 2000; total allocated: 1 of 2000]
632 [Forwarding newSession on session null to remote] DEBUG org.apache.http.impl.execchain.MainClientExec  - Opening connection {}->http://localhost:35937
633 [Forwarding newSession on session null to remote] DEBUG org.apache.http.impl.conn.DefaultHttpClientConnectionOperator  - Connecting to localhost/127.0.0.1:35937
634 [Forwarding newSession on session null to remote] DEBUG org.apache.http.impl.conn.DefaultHttpClientConnectionOperator  - Connection established 127.0.0.1:61259<->127.0.0.1:35937
634 [Forwarding newSession on session null to remote] DEBUG org.apache.http.impl.conn.DefaultManagedHttpClientConnection  - http-outgoing-0: set socket timeout to 10800000
634 [Forwarding newSession on session null to remote] DEBUG org.apache.http.impl.execchain.MainClientExec  - Executing request POST /session HTTP/1.1
634 [Forwarding newSession on session null to remote] DEBUG org.apache.http.impl.execchain.MainClientExec  - Target auth state: UNCHALLENGED
635 [Forwarding newSession on session null to remote] DEBUG org.apache.http.impl.execchain.MainClientExec  - Proxy auth state: UNCHALLENGED
637 [Forwarding newSession on session null to remote] DEBUG org.apache.http.headers  - http-outgoing-0 >> POST /session HTTP/1.1
638 [Forwarding newSession on session null to remote] DEBUG org.apache.http.headers  - http-outgoing-0 >> Content-Type: application/json; charset=utf-8
638 [Forwarding newSession on session null to remote] DEBUG org.apache.http.headers  - http-outgoing-0 >> Content-Length: 659
638 [Forwarding newSession on session null to remote] DEBUG org.apache.http.headers  - http-outgoing-0 >> Host: localhost:35937
638 [Forwarding newSession on session null to remote] DEBUG org.apache.http.headers  - http-outgoing-0 >> Connection: Keep-Alive
653 [Forwarding newSession on session null to remote] DEBUG org.apache.http.headers  - http-outgoing-0 >> User-Agent: Apache-HttpClient/4.5.3 (Java/1.8.0_144)
653 [Forwarding newSession on session null to remote] DEBUG org.apache.http.headers  - http-outgoing-0 >> Accept-Encoding: gzip,deflate
653 [Forwarding newSession on session null to remote] DEBUG org.apache.http.wire  - http-outgoing-0 >> "POST /session HTTP/1.1[\r][\n]"
653 [Forwarding newSession on session null to remote] DEBUG org.apache.http.wire  - http-outgoing-0 >> "Content-Type: application/json; charset=utf-8[\r][\n]"
653 [Forwarding newSession on session null to remote] DEBUG org.apache.http.wire  - http-outgoing-0 >> "Content-Length: 659[\r][\n]"
653 [Forwarding newSession on session null to remote] DEBUG org.apache.http.wire  - http-outgoing-0 >> "Host: localhost:35937[\r][\n]"
653 [Forwarding newSession on session null to remote] DEBUG org.apache.http.wire  - http-outgoing-0 >> "Connection: Keep-Alive[\r][\n]"
653 [Forwarding newSession on session null to remote] DEBUG org.apache.http.wire  - http-outgoing-0 >> "User-Agent: Apache-HttpClient/4.5.3 (Java/1.8.0_144)[\r][\n]"
653 [Forwarding newSession on session null to remote] DEBUG org.apache.http.wire  - http-outgoing-0 >> "Accept-Encoding: gzip,deflate[\r][\n]"
654 [Forwarding newSession on session null to remote] DEBUG org.apache.http.wire  - http-outgoing-0 >> "[\r][\n]"
654 [Forwarding newSession on session null to remote] DEBUG org.apache.http.wire  - http-outgoing-0 >> "{[\n]"
654 [Forwarding newSession on session null to remote] DEBUG org.apache.http.wire  - http-outgoing-0 >> "  "desiredCapabilities": {[\n]"
654 [Forwarding newSession on session null to remote] DEBUG org.apache.http.wire  - http-outgoing-0 >> "    "acceptInsecureCerts": true,[\n]"
654 [Forwarding newSession on session null to remote] DEBUG org.apache.http.wire  - http-outgoing-0 >> "    "browserName": "firefox",[\n]"
654 [Forwarding newSession on session null to remote] DEBUG org.apache.http.wire  - http-outgoing-0 >> "    "moz:firefoxOptions": {[\n]"
654 [Forwarding newSession on session null to remote] DEBUG org.apache.http.wire  - http-outgoing-0 >> "      "args": [],[\n]"
654 [Forwarding newSession on session null to remote] DEBUG org.apache.http.wire  - http-outgoing-0 >> "      "prefs": {}[\n]"
654 [Forwarding newSession on session null to remote] DEBUG org.apache.http.wire  - http-outgoing-0 >> "    }[\n]"
654 [Forwarding newSession on session null to remote] DEBUG org.apache.http.wire  - http-outgoing-0 >> "  },[\n]"
654 [Forwarding newSession on session null to remote] DEBUG org.apache.http.wire  - http-outgoing-0 >> "  "requiredCapabilities": {},[\n]"
654 [Forwarding newSession on session null to remote] DEBUG org.apache.http.wire  - http-outgoing-0 >> "  "capabilities": {[\n]"
655 [Forwarding newSession on session null to remote] DEBUG org.apache.http.wire  - http-outgoing-0 >> "    "desiredCapabilities": {[\n]"
655 [Forwarding newSession on session null to remote] DEBUG org.apache.http.wire  - http-outgoing-0 >> "      "acceptInsecureCerts": true,[\n]"
655 [Forwarding newSession on session null to remote] DEBUG org.apache.http.wire  - http-outgoing-0 >> "      "browserName": "firefox",[\n]"
655 [Forwarding newSession on session null to remote] DEBUG org.apache.http.wire  - http-outgoing-0 >> "      "moz:firefoxOptions": {[\n]"
655 [Forwarding newSession on session null to remote] DEBUG org.apache.http.wire  - http-outgoing-0 >> "        "args": [],[\n]"
655 [Forwarding newSession on session null to remote] DEBUG org.apache.http.wire  - http-outgoing-0 >> "        "prefs": {}[\n]"
655 [Forwarding newSession on session null to remote] DEBUG org.apache.http.wire  - http-outgoing-0 >> "      }[\n]"
655 [Forwarding newSession on session null to remote] DEBUG org.apache.http.wire  - http-outgoing-0 >> "    },[\n]"
655 [Forwarding newSession on session null to remote] DEBUG org.apache.http.wire  - http-outgoing-0 >> "    "requiredCapabilities": {},[\n]"
655 [Forwarding newSession on session null to remote] DEBUG org.apache.http.wire  - http-outgoing-0 >> "    "alwaysMatch": {[\n]"
655 [Forwarding newSession on session null to remote] DEBUG org.apache.http.wire  - http-outgoing-0 >> "      "acceptInsecureCerts": true[\n]"
655 [Forwarding newSession on session null to remote] DEBUG org.apache.http.wire  - http-outgoing-0 >> "    },[\n]"
655 [Forwarding newSession on session null to remote] DEBUG org.apache.http.wire  - http-outgoing-0 >> "    "firstMatch": [[\n]"
655 [Forwarding newSession on session null to remote] DEBUG org.apache.http.wire  - http-outgoing-0 >> "      {[\n]"
655 [Forwarding newSession on session null to remote] DEBUG org.apache.http.wire  - http-outgoing-0 >> "        "browserName": "firefox",[\n]"
655 [Forwarding newSession on session null to remote] DEBUG org.apache.http.wire  - http-outgoing-0 >> "        "moz:firefoxOptions": {[\n]"
655 [Forwarding newSession on session null to remote] DEBUG org.apache.http.wire  - http-outgoing-0 >> "          "args": [],[\n]"
655 [Forwarding newSession on session null to remote] DEBUG org.apache.http.wire  - http-outgoing-0 >> "          "prefs": {}[\n]"
655 [Forwarding newSession on session null to remote] DEBUG org.apache.http.wire  - http-outgoing-0 >> "        }[\n]"
656 [Forwarding newSession on session null to remote] DEBUG org.apache.http.wire  - http-outgoing-0 >> "      }[\n]"
656 [Forwarding newSession on session null to remote] DEBUG org.apache.http.wire  - http-outgoing-0 >> "    ][\n]"
656 [Forwarding newSession on session null to remote] DEBUG org.apache.http.wire  - http-outgoing-0 >> "  }[\n]"
656 [Forwarding newSession on session null to remote] DEBUG org.apache.http.wire  - http-outgoing-0 >> "}"
2874 [Forwarding newSession on session null to remote] DEBUG org.apache.http.wire  - http-outgoing-0 << "HTTP/1.1 500 Internal Server Error[\r][\n]"
2874 [Forwarding newSession on session null to remote] DEBUG org.apache.http.wire  - http-outgoing-0 << "Connection: close[\r][\n]"
2874 [Forwarding newSession on session null to remote] DEBUG org.apache.http.wire  - http-outgoing-0 << "Content-Type: application/json; charset=utf-8[\r][\n]"
2874 [Forwarding newSession on session null to remote] DEBUG org.apache.http.wire  - http-outgoing-0 << "Cache-Control: no-cache[\r][\n]"
2874 [Forwarding newSession on session null to remote] DEBUG org.apache.http.wire  - http-outgoing-0 << "Content-Length: 1104[\r][\n]"
2874 [Forwarding newSession on session null to remote] DEBUG org.apache.http.wire  - http-outgoing-0 << "Date: Tue, 24 Oct 2017 02:09:51 GMT[\r][\n]"
2874 [Forwarding newSession on session null to remote] DEBUG org.apache.http.wire  - http-outgoing-0 << "[\r][\n]"
2875 [Forwarding newSession on session null to remote] DEBUG org.apache.http.wire  - http-outgoing-0 << "{"value":{"error":"unknown error","message":"Process unexpectedly closed with status: 0","stacktrace":"stack backtrace:\n   0:        0x106230a8e - backtrace::backtrace::trace::h69682bcb53decaf6\n   1:        0x106230acc - backtrace::capture::Backtrace::new::hdc9d731a957304a6\n   2:        0x106161434 - webdriver::error::WebDriverError::new::h930061353eac4c81\n   3:        0x106168dcc - geckodriver::marionette::MarionetteHandler::create_connection::hc09196342b760e35\n   4:        0x1061487d4 - _$LT$webdriver..server..Dispatcher$LT$T$C$$u20$U$GT$$GT$::run::hfda25a6dc0b512aa\n   5:        0x106120645 - std::sys_common::backtrace::__rust_begin_short_backtrace::h95009c1d3a320838\n   6:        0x10612811d - std::panicking::try::do_call::h8c5f07f1fc714fb2\n   7:        0x1062e19cc - __rust_maybe_catch_panic\n   8:        0x10613df55 - _$LT$F$u20$as$u20$alloc..boxed..FnBox$LT$A$GT$$GT$::call_box::h6a96e09ff4d37bff\n   9:        0x1062ddc3b - std::sys::imp::thread::Thread::new::thread_start::h823686b907c11c46\n  10:     0x7fffb7db593a - _pthread_body\n  11:     0x7fffb7db5886 - _pthread_start"}}"
2876 [Forwarding newSession on session null to remote] DEBUG org.apache.http.headers  - http-outgoing-0 << HTTP/1.1 500 Internal Server Error
2877 [Forwarding newSession on session null to remote] DEBUG org.apache.http.headers  - http-outgoing-0 << Connection: close
2877 [Forwarding newSession on session null to remote] DEBUG org.apache.http.headers  - http-outgoing-0 << Content-Type: application/json; charset=utf-8
2877 [Forwarding newSession on session null to remote] DEBUG org.apache.http.headers  - http-outgoing-0 << Cache-Control: no-cache
2877 [Forwarding newSession on session null to remote] DEBUG org.apache.http.headers  - http-outgoing-0 << Content-Length: 1104
2877 [Forwarding newSession on session null to remote] DEBUG org.apache.http.headers  - http-outgoing-0 << Date: Tue, 24 Oct 2017 02:09:51 GMT
2881 [Forwarding newSession on session null to remote] DEBUG org.apache.http.impl.conn.DefaultManagedHttpClientConnection  - http-outgoing-0: Close connection
2881 [Forwarding newSession on session null to remote] DEBUG org.apache.http.impl.execchain.MainClientExec  - Connection discarded
2882 [Forwarding newSession on session null to remote] DEBUG org.apache.http.impl.conn.PoolingHttpClientConnectionManager  - Connection released: [id: 0][route: {}->http://localhost:35937][total kept alive: 0; route allocated: 0 of 2000; total allocated: 0 of 2000]
2918 [main] ERROR Cafe.Base  - Exception found: 
org.openqa.selenium.WebDriverException: Process unexpectedly closed with status: 0
Build info: version: '3.6.0', revision: '6fbf3ec767', time: '2017-09-27T15:28:36.4Z'
System info: host: 'operationss-MBP', ip: 'fe80:0:0:0:1889:fc68:5f51:d8de%en0', os.name: 'Mac OS X', os.arch: 'x86_64', os.version: '10.12.6', java.version: '1.8.0_144'
Driver info: driver.version: FirefoxDriver
remote stacktrace: stack backtrace:
   0:        0x106230a8e - backtrace::backtrace::trace::h69682bcb53decaf6
   1:        0x106230acc - backtrace::capture::Backtrace::new::hdc9d731a957304a6
   2:        0x106161434 - webdriver::error::WebDriverError::new::h930061353eac4c81
   3:        0x106168dcc - geckodriver::marionette::MarionetteHandler::create_connection::hc09196342b760e35
   4:        0x1061487d4 - _$LT$webdriver..server..Dispatcher$LT$T$C$$u20$U$GT$$GT$::run::hfda25a6dc0b512aa
   5:        0x106120645 - std::sys_common::backtrace::__rust_begin_short_backtrace::h95009c1d3a320838
   6:        0x10612811d - std::panicking::try::do_call::h8c5f07f1fc714fb2
   7:        0x1062e19cc - __rust_maybe_catch_panic
   8:        0x10613df55 - _$LT$F$u20$as$u20$alloc..boxed..FnBox$LT$A$GT$$GT$::call_box::h6a96e09ff4d37bff
   9:        0x1062ddc3b - std::sys::imp::thread::Thread::new::thread_start::h823686b907c11c46
  10:     0x7fffb7db593a - _pthread_body
  11:     0x7fffb7db5886 - _pthread_start
	at sun.reflect.NativeConstructorAccessorImpl.newInstance0(Native Method)
	at sun.reflect.NativeConstructorAccessorImpl.newInstance(NativeConstructorAccessorImpl.java:62)
	at sun.reflect.DelegatingConstructorAccessorImpl.newInstance(DelegatingConstructorAccessorImpl.java:45)
	at java.lang.reflect.Constructor.newInstance(Constructor.java:423)
	at org.openqa.selenium.remote.W3CHandshakeResponse.lambda$new$0(W3CHandshakeResponse.java:57)
	at org.openqa.selenium.remote.W3CHandshakeResponse.lambda$getResponseFunction$2(W3CHandshakeResponse.java:104)
	at org.openqa.selenium.remote.ProtocolHandshake.lambda$createSession$24(ProtocolHandshake.java:359)
	at java.util.stream.ReferencePipeline$3$1.accept(ReferencePipeline.java:193)
	at java.util.Spliterators$ArraySpliterator.tryAdvance(Spliterators.java:958)
	at java.util.stream.ReferencePipeline.forEachWithCancel(ReferencePipeline.java:126)
	at java.util.stream.AbstractPipeline.copyIntoWithCancel(AbstractPipeline.java:498)
	at java.util.stream.AbstractPipeline.copyInto(AbstractPipeline.java:485)
	at java.util.stream.AbstractPipeline.wrapAndCopyInto(AbstractPipeline.java:471)
	at java.util.stream.FindOps$FindOp.evaluateSequential(FindOps.java:152)
	at java.util.stream.AbstractPipeline.evaluate(AbstractPipeline.java:234)
	at java.util.stream.ReferencePipeline.findFirst(ReferencePipeline.java:464)
	at org.openqa.selenium.remote.ProtocolHandshake.createSession(ProtocolHandshake.java:362)
	at org.openqa.selenium.remote.ProtocolHandshake.createSession(ProtocolHandshake.java:136)
	at org.openqa.selenium.remote.HttpCommandExecutor.execute(HttpCommandExecutor.java:142)
	at org.openqa.selenium.remote.service.DriverCommandExecutor.execute(DriverCommandExecutor.java:83)
	at org.openqa.selenium.remote.RemoteWebDriver.execute(RemoteWebDriver.java:586)
	at org.openqa.selenium.remote.RemoteWebDriver.startSession(RemoteWebDriver.java:217)
	at org.openqa.selenium.remote.RemoteWebDriver.<init>(RemoteWebDriver.java:140)
	at org.openqa.selenium.firefox.FirefoxDriver.<init>(FirefoxDriver.java:120)
	at org.openqa.selenium.firefox.FirefoxDriver.<init>(FirefoxDriver.java:98)
	at Cafe.Base.getWebDriver(Base.java:97)
	at Cafe.Base.beforeSuite(Base.java:67)
	at sun.reflect.NativeMethodAccessorImpl.invoke0(Native Method)
	at sun.reflect.NativeMethodAccessorImpl.invoke(NativeMethodAccessorImpl.java:62)
	at sun.reflect.DelegatingMethodAccessorImpl.invoke(DelegatingMethodAccessorImpl.java:43)
	at java.lang.reflect.Method.invoke(Method.java:498)
	at org.testng.internal.MethodInvocationHelper.invokeMethod(MethodInvocationHelper.java:108)
	at org.testng.internal.Invoker.invokeConfigurationMethod(Invoker.java:523)
	at org.testng.internal.Invoker.invokeConfigurations(Invoker.java:224)
	at org.testng.internal.Invoker.invokeConfigurations(Invoker.java:146)
	at org.testng.SuiteRunner.privateRun(SuiteRunner.java:326)
	at org.testng.SuiteRunner.run(SuiteRunner.java:289)
	at org.testng.SuiteRunnerWorker.runSuite(SuiteRunnerWorker.java:52)
	at org.testng.SuiteRunnerWorker.run(SuiteRunnerWorker.java:86)
	at org.testng.TestNG.runSuitesSequentially(TestNG.java:1301)
	at org.testng.TestNG.runSuitesLocally(TestNG.java:1226)
	at org.testng.TestNG.runSuites(TestNG.java:1144)
	at org.testng.TestNG.run(TestNG.java:1115)
	at org.apache.maven.surefire.testng.TestNGExecutor.run(TestNGExecutor.java:283)
	at org.apache.maven.surefire.testng.TestNGXmlTestSuite.execute(TestNGXmlTestSuite.java:75)
	at org.apache.maven.surefire.testng.TestNGProvider.invoke(TestNGProvider.java:120)
	at sun.reflect.NativeMethodAccessorImpl.invoke0(Native Method)
	at sun.reflect.NativeMethodAccessorImpl.invoke(NativeMethodAccessorImpl.java:62)
	at sun.reflect.DelegatingMethodAccessorImpl.invoke(DelegatingMethodAccessorImpl.java:43)
	at java.lang.reflect.Method.invoke(Method.java:498)
	at org.apache.maven.surefire.util.ReflectionUtils.invokeMethodWithArray2(ReflectionUtils.java:206)
	at org.apache.maven.surefire.booter.ProviderFactory$ProviderProxy.invoke(ProviderFactory.java:160)
	at org.apache.maven.surefire.booter.ProviderFactory.invokeProvider(ProviderFactory.java:83)
	at org.apache.maven.plugin.surefire.InPluginVMSurefireStarter.runSuitesInProcess(InPluginVMSurefireStarter.java:84)
	at org.apache.maven.plugin.surefire.AbstractSurefireMojo.executeProvider(AbstractSurefireMojo.java:1107)
	at org.apache.maven.plugin.surefire.AbstractSurefireMojo.executeAfterPreconditionsChecked(AbstractSurefireMojo.java:954)
	at org.apache.maven.plugin.surefire.AbstractSurefireMojo.execute(AbstractSurefireMojo.java:832)
	at org.apache.maven.plugin.DefaultBuildPluginManager.executeMojo(DefaultBuildPluginManager.java:134)
	at org.apache.maven.lifecycle.internal.MojoExecutor.execute(MojoExecutor.java:208)
	at org.apache.maven.lifecycle.internal.MojoExecutor.execute(MojoExecutor.java:154)
	at org.apache.maven.lifecycle.internal.MojoExecutor.execute(MojoExecutor.java:146)
	at org.apache.maven.lifecycle.internal.LifecycleModuleBuilder.buildProject(LifecycleModuleBuilder.java:117)
	at org.apache.maven.lifecycle.internal.LifecycleModuleBuilder.buildProject(LifecycleModuleBuilder.java:81)
	at org.apache.maven.lifecycle.internal.builder.singlethreaded.SingleThreadedBuilder.build(SingleThreadedBuilder.java:51)
	at org.apache.maven.lifecycle.internal.LifecycleStarter.execute(LifecycleStarter.java:128)
	at org.apache.maven.DefaultMaven.doExecute(DefaultMaven.java:309)
	at org.apache.maven.DefaultMaven.doExecute(DefaultMaven.java:194)
	at org.apache.maven.DefaultMaven.execute(DefaultMaven.java:107)
	at org.apache.maven.cli.MavenCli.execute(MavenCli.java:993)
	at org.apache.maven.cli.MavenCli.doMain(MavenCli.java:345)
	at org.apache.maven.cli.MavenCli.main(MavenCli.java:191)
	at sun.reflect.NativeMethodAccessorImpl.invoke0(Native Method)
	at sun.reflect.NativeMethodAccessorImpl.invoke(NativeMethodAccessorImpl.java:62)
	at sun.reflect.DelegatingMethodAccessorImpl.invoke(DelegatingMethodAccessorImpl.java:43)
	at java.lang.reflect.Method.invoke(Method.java:498)
	at org.codehaus.plexus.classworlds.launcher.Launcher.launchEnhanced(Launcher.java:289)
	at org.codehaus.plexus.classworlds.launcher.Launcher.launch(Launcher.java:229)
	at org.codehaus.plexus.classworlds.launcher.Launcher.mainWithExitCode(Launcher.java:415)
	at org.codehaus.plexus.classworlds.launcher.Launcher.main(Launcher.java:356)
2928 [main] INFO Cafe.Base  - Launching the cafe town send URL
2928 [main] ERROR Cafe.Base  - Exception found: 
java.lang.NullPointerException
	at Cafe.Base.beforeSuite(Base.java:70)
	at sun.reflect.NativeMethodAccessorImpl.invoke0(Native Method)
	at sun.reflect.NativeMethodAccessorImpl.invoke(NativeMethodAccessorImpl.java:62)
	at sun.reflect.DelegatingMethodAccessorImpl.invoke(DelegatingMethodAccessorImpl.java:43)
	at java.lang.reflect.Method.invoke(Method.java:498)
	at org.testng.internal.MethodInvocationHelper.invokeMethod(MethodInvocationHelper.java:108)
	at org.testng.internal.Invoker.invokeConfigurationMethod(Invoker.java:523)
	at org.testng.internal.Invoker.invokeConfigurations(Invoker.java:224)
	at org.testng.internal.Invoker.invokeConfigurations(Invoker.java:146)
	at org.testng.SuiteRunner.privateRun(SuiteRunner.java:326)
	at org.testng.SuiteRunner.run(SuiteRunner.java:289)
	at org.testng.SuiteRunnerWorker.runSuite(SuiteRunnerWorker.java:52)
	at org.testng.SuiteRunnerWorker.run(SuiteRunnerWorker.java:86)
	at org.testng.TestNG.runSuitesSequentially(TestNG.java:1301)
	at org.testng.TestNG.runSuitesLocally(TestNG.java:1226)
	at org.testng.TestNG.runSuites(TestNG.java:1144)
	at org.testng.TestNG.run(TestNG.java:1115)
	at org.apache.maven.surefire.testng.TestNGExecutor.run(TestNGExecutor.java:283)
	at org.apache.maven.surefire.testng.TestNGXmlTestSuite.execute(TestNGXmlTestSuite.java:75)
	at org.apache.maven.surefire.testng.TestNGProvider.invoke(TestNGProvider.java:120)
	at sun.reflect.NativeMethodAccessorImpl.invoke0(Native Method)
	at sun.reflect.NativeMethodAccessorImpl.invoke(NativeMethodAccessorImpl.java:62)
	at sun.reflect.DelegatingMethodAccessorImpl.invoke(DelegatingMethodAccessorImpl.java:43)
	at java.lang.reflect.Method.invoke(Method.java:498)
	at org.apache.maven.surefire.util.ReflectionUtils.invokeMethodWithArray2(ReflectionUtils.java:206)
	at org.apache.maven.surefire.booter.ProviderFactory$ProviderProxy.invoke(ProviderFactory.java:160)
	at org.apache.maven.surefire.booter.ProviderFactory.invokeProvider(ProviderFactory.java:83)
	at org.apache.maven.plugin.surefire.InPluginVMSurefireStarter.runSuitesInProcess(InPluginVMSurefireStarter.java:84)
	at org.apache.maven.plugin.surefire.AbstractSurefireMojo.executeProvider(AbstractSurefireMojo.java:1107)
	at org.apache.maven.plugin.surefire.AbstractSurefireMojo.executeAfterPreconditionsChecked(AbstractSurefireMojo.java:954)
	at org.apache.maven.plugin.surefire.AbstractSurefireMojo.execute(AbstractSurefireMojo.java:832)
	at org.apache.maven.plugin.DefaultBuildPluginManager.executeMojo(DefaultBuildPluginManager.java:134)
	at org.apache.maven.lifecycle.internal.MojoExecutor.execute(MojoExecutor.java:208)
	at org.apache.maven.lifecycle.internal.MojoExecutor.execute(MojoExecutor.java:154)
	at org.apache.maven.lifecycle.internal.MojoExecutor.execute(MojoExecutor.java:146)
	at org.apache.maven.lifecycle.internal.LifecycleModuleBuilder.buildProject(LifecycleModuleBuilder.java:117)
	at org.apache.maven.lifecycle.internal.LifecycleModuleBuilder.buildProject(LifecycleModuleBuilder.java:81)
	at org.apache.maven.lifecycle.internal.builder.singlethreaded.SingleThreadedBuilder.build(SingleThreadedBuilder.java:51)
	at org.apache.maven.lifecycle.internal.LifecycleStarter.execute(LifecycleStarter.java:128)
	at org.apache.maven.DefaultMaven.doExecute(DefaultMaven.java:309)
	at org.apache.maven.DefaultMaven.doExecute(DefaultMaven.java:194)
	at org.apache.maven.DefaultMaven.execute(DefaultMaven.java:107)
	at org.apache.maven.cli.MavenCli.execute(MavenCli.java:993)
	at org.apache.maven.cli.MavenCli.doMain(MavenCli.java:345)
	at org.apache.maven.cli.MavenCli.main(MavenCli.java:191)
	at sun.reflect.NativeMethodAccessorImpl.invoke0(Native Method)
	at sun.reflect.NativeMethodAccessorImpl.invoke(NativeMethodAccessorImpl.java:62)
	at sun.reflect.DelegatingMethodAccessorImpl.invoke(DelegatingMethodAccessorImpl.java:43)
	at java.lang.reflect.Method.invoke(Method.java:498)
	at org.codehaus.plexus.classworlds.launcher.Launcher.launchEnhanced(Launcher.java:289)
	at org.codehaus.plexus.classworlds.launcher.Launcher.launch(Launcher.java:229)
	at org.codehaus.plexus.classworlds.launcher.Launcher.mainWithExitCode(Launcher.java:415)
	at org.codehaus.plexus.classworlds.launcher.Launcher.main(Launcher.java:356)
2940 [main] INFO tests.LoginTest  - Test name: testCafeTownSendloginPageLoading
]]></system-out>
    <system-err><![CDATA[1508810988598	geckodriver	INFO	geckodriver 0.19.0
1508810988603	geckodriver	INFO	Listening on 127.0.0.1:35937
1508810988974	mozrunner::runner	INFO	Running command: "/Applications/Firefox.app/Contents/MacOS/firefox-bin" "-marionette" "-profile" "/var/folders/k4/x99vr8kd19dgvbn7_z2yv4tc0000gp/T/rust_mozprofile.n2Gy8ZH0FkQo"
1508810989729	addons.xpi	WARN	Error parsing extensions state: [Exception... "Component returned failure code: 0x80520012 (NS_ERROR_FILE_NOT_FOUND) [amIAddonManagerStartup.readStartupData]"  nsresult: "0x80520012 (NS_ERROR_FILE_NOT_FOUND)"  location: "JS frame :: resource://gre/modules/addons/XPIProvider.jsm :: loadExtensionState :: line 1554"  data: no] Stack trace: loadExtensionState()@resource://gre/modules/addons/XPIProvider.jsm:1554 < getInstallState()@resource://gre/modules/addons/XPIProvider.jsm:1589 < checkForChanges()@resource://gre/modules/addons/XPIProvider.jsm:3109 < startup()@resource://gre/modules/addons/XPIProvider.jsm:2188 < callProvider()@resource://gre/modules/AddonManager.jsm:269 < _startProvider()@resource://gre/modules/AddonManager.jsm:739 < startup()@resource://gre/modules/AddonManager.jsm:906 < startup()@resource://gre/modules/AddonManager.jsm:3090 < observe()@jar:file:///Applications/Firefox.app/Contents/Resources/omni.ja!/components/addonManager.js:65
1508810990099	Marionette	INFO	Enabled via --marionette
2017-10-24 13:09:50.932 plugin-container[5022:1059909] *** CFMessagePort: bootstrap_register(): failed 1100 (0x44c) 'Permission denied', port = 0xad3b, name = 'com.apple.tsm.portname'
See /usr/include/servers/bootstrap_defs.h for the error codes.
2017-10-24 13:09:50.933 plugin-container[5022:1059909] *** CFMessagePort: bootstrap_register(): failed 1100 (0x44c) 'Permission denied', port = 0xb003, name = 'com.apple.CFPasteboardClient'
See /usr/include/servers/bootstrap_defs.h for the error codes.
]]></system-err>
  </testcase>
  <testcase name="testLogin" classname="tests.LoginTest" time="0">
    <skipped message="Method LoginTest.testLogin()[pri:0, instance:tests.LoginTest@15b82644] depends on not successfully finished methods"/>
  </testcase>
  <testcase name="afterSuite" classname="tests.LoginTest" time="0.021">
    <failure type="java.lang.NullPointerException">java.lang.NullPointerException
</failure>
  </testcase>
</testsuite>